<?xml version="1.0" encoding="UTF-8"?>
<testsuite xmlns:xsi="http://www.w3.org/2001/XMLSchema-instance" xsi:noNamespaceSchemaLocation="https://maven.apache.org/surefire/maven-surefire-plugin/xsd/surefire-test-report-3.0.xsd" version="3.0" name="io.adaptivetests.java.cli.AdaptiveTestsCommandTest" time="0.184" tests="2" errors="0" skipped="0" failures="1">
  <properties>
    <property name="java.specification.version" value="21"/>
    <property name="sun.jnu.encoding" value="UTF-8"/>
    <property name="java.class.path" value="/Users/jasonkempf/Documents/GitHub/adaptive-tests/packages/adaptive-tests-java/cli/target/test-classes:/Users/jasonkempf/Documents/GitHub/adaptive-tests/packages/adaptive-tests-java/cli/target/classes:/Users/jasonkempf/Documents/GitHub/adaptive-tests/packages/adaptive-tests-java/core/target/classes:/Users/jasonkempf/.m2/repository/com/github/javaparser/javaparser-core/3.26.2/javaparser-core-3.26.2.jar:/Users/jasonkempf/.m2/repository/com/fasterxml/jackson/core/jackson-databind/2.17.2/jackson-databind-2.17.2.jar:/Users/jasonkempf/.m2/repository/com/fasterxml/jackson/core/jackson-annotations/2.17.2/jackson-annotations-2.17.2.jar:/Users/jasonkempf/.m2/repository/com/fasterxml/jackson/core/jackson-core/2.17.2/jackson-core-2.17.2.jar:/Users/jasonkempf/.m2/repository/info/picocli/picocli/4.7.6/picocli-4.7.6.jar:/Users/jasonkempf/.m2/repository/org/slf4j/slf4j-simple/2.0.13/slf4j-simple-2.0.13.jar:/Users/jasonkempf/.m2/repository/org/slf4j/slf4j-api/2.0.13/slf4j-api-2.0.13.jar:/Users/jasonkempf/.m2/repository/org/junit/jupiter/junit-jupiter/5.10.3/junit-jupiter-5.10.3.jar:/Users/jasonkempf/.m2/repository/org/junit/jupiter/junit-jupiter-api/5.10.3/junit-jupiter-api-5.10.3.jar:/Users/jasonkempf/.m2/repository/org/opentest4j/opentest4j/1.3.0/opentest4j-1.3.0.jar:/Users/jasonkempf/.m2/repository/org/junit/platform/junit-platform-commons/1.10.3/junit-platform-commons-1.10.3.jar:/Users/jasonkempf/.m2/repository/org/apiguardian/apiguardian-api/1.1.2/apiguardian-api-1.1.2.jar:/Users/jasonkempf/.m2/repository/org/junit/jupiter/junit-jupiter-params/5.10.3/junit-jupiter-params-5.10.3.jar:/Users/jasonkempf/.m2/repository/org/junit/jupiter/junit-jupiter-engine/5.10.3/junit-jupiter-engine-5.10.3.jar:/Users/jasonkempf/.m2/repository/org/junit/platform/junit-platform-engine/1.10.3/junit-platform-engine-1.10.3.jar:"/>
    <property name="java.vm.vendor" value="Eclipse Adoptium"/>
    <property name="sun.arch.data.model" value="64"/>
    <property name="java.vendor.url" value="https://adoptium.net/"/>
    <property name="user.timezone" value="America/Chicago"/>
    <property name="os.name" value="Mac OS X"/>
    <property name="java.vm.specification.version" value="21"/>
    <property name="sun.java.launcher" value="SUN_STANDARD"/>
    <property name="user.country" value="US"/>
    <property name="sun.boot.library.path" value="/Library/Java/JavaVirtualMachines/temurin-21.jdk/Contents/Home/lib"/>
    <property name="sun.java.command" value="/Users/jasonkempf/Documents/GitHub/adaptive-tests/packages/adaptive-tests-java/cli/target/surefire/surefirebooter-20250919103615200_6.jar /Users/jasonkempf/Documents/GitHub/adaptive-tests/packages/adaptive-tests-java/cli/target/surefire 2025-09-19T10-36-14_658-jvmRun1 surefire-20250919103615200_4tmp surefire_1-20250919103615200_5tmp"/>
    <property name="http.nonProxyHosts" value="local|*.local|169.254/16|*.169.254/16"/>
    <property name="jdk.debug" value="release"/>
    <property name="surefire.test.class.path" value="/Users/jasonkempf/Documents/GitHub/adaptive-tests/packages/adaptive-tests-java/cli/target/test-classes:/Users/jasonkempf/Documents/GitHub/adaptive-tests/packages/adaptive-tests-java/cli/target/classes:/Users/jasonkempf/Documents/GitHub/adaptive-tests/packages/adaptive-tests-java/core/target/classes:/Users/jasonkempf/.m2/repository/com/github/javaparser/javaparser-core/3.26.2/javaparser-core-3.26.2.jar:/Users/jasonkempf/.m2/repository/com/fasterxml/jackson/core/jackson-databind/2.17.2/jackson-databind-2.17.2.jar:/Users/jasonkempf/.m2/repository/com/fasterxml/jackson/core/jackson-annotations/2.17.2/jackson-annotations-2.17.2.jar:/Users/jasonkempf/.m2/repository/com/fasterxml/jackson/core/jackson-core/2.17.2/jackson-core-2.17.2.jar:/Users/jasonkempf/.m2/repository/info/picocli/picocli/4.7.6/picocli-4.7.6.jar:/Users/jasonkempf/.m2/repository/org/slf4j/slf4j-simple/2.0.13/slf4j-simple-2.0.13.jar:/Users/jasonkempf/.m2/repository/org/slf4j/slf4j-api/2.0.13/slf4j-api-2.0.13.jar:/Users/jasonkempf/.m2/repository/org/junit/jupiter/junit-jupiter/5.10.3/junit-jupiter-5.10.3.jar:/Users/jasonkempf/.m2/repository/org/junit/jupiter/junit-jupiter-api/5.10.3/junit-jupiter-api-5.10.3.jar:/Users/jasonkempf/.m2/repository/org/opentest4j/opentest4j/1.3.0/opentest4j-1.3.0.jar:/Users/jasonkempf/.m2/repository/org/junit/platform/junit-platform-commons/1.10.3/junit-platform-commons-1.10.3.jar:/Users/jasonkempf/.m2/repository/org/apiguardian/apiguardian-api/1.1.2/apiguardian-api-1.1.2.jar:/Users/jasonkempf/.m2/repository/org/junit/jupiter/junit-jupiter-params/5.10.3/junit-jupiter-params-5.10.3.jar:/Users/jasonkempf/.m2/repository/org/junit/jupiter/junit-jupiter-engine/5.10.3/junit-jupiter-engine-5.10.3.jar:/Users/jasonkempf/.m2/repository/org/junit/platform/junit-platform-engine/1.10.3/junit-platform-engine-1.10.3.jar:"/>
    <property name="sun.cpu.endian" value="little"/>
    <property name="user.home" value="/Users/jasonkempf"/>
    <property name="user.language" value="en"/>
    <property name="java.specification.vendor" value="Oracle Corporation"/>
    <property name="java.version.date" value="2025-07-15"/>
    <property name="java.home" value="/Library/Java/JavaVirtualMachines/temurin-21.jdk/Contents/Home"/>
    <property name="file.separator" value="/"/>
    <property name="basedir" value="/Users/jasonkempf/Documents/GitHub/adaptive-tests/packages/adaptive-tests-java/cli"/>
    <property name="java.vm.compressedOopsMode" value="Non-zero disjoint base"/>
    <property name="line.separator" value="&#10;"/>
    <property name="java.vm.specification.vendor" value="Oracle Corporation"/>
    <property name="java.specification.name" value="Java Platform API Specification"/>
    <property name="apple.awt.application.name" value="ForkedBooter"/>
    <property name="surefire.real.class.path" value="/Users/jasonkempf/Documents/GitHub/adaptive-tests/packages/adaptive-tests-java/cli/target/surefire/surefirebooter-20250919103615200_6.jar"/>
    <property name="sun.management.compiler" value="HotSpot 64-Bit Tiered Compilers"/>
    <property name="ftp.nonProxyHosts" value="local|*.local|169.254/16|*.169.254/16"/>
    <property name="java.runtime.version" value="21.0.8+9-LTS"/>
    <property name="user.name" value="jasonkempf"/>
    <property name="stdout.encoding" value="UTF-8"/>
    <property name="path.separator" value=":"/>
    <property name="os.version" value="26.0"/>
    <property name="java.runtime.name" value="OpenJDK Runtime Environment"/>
    <property name="file.encoding" value="UTF-8"/>
    <property name="java.vm.name" value="OpenJDK 64-Bit Server VM"/>
    <property name="java.vendor.version" value="Temurin-21.0.8+9"/>
    <property name="localRepository" value="/Users/jasonkempf/.m2/repository"/>
    <property name="java.vendor.url.bug" value="https://github.com/adoptium/adoptium-support/issues"/>
    <property name="java.io.tmpdir" value="/var/folders/v7/wv_lby192rv_nvkyc5zkcxmc0000gn/T/"/>
    <property name="java.version" value="21.0.8"/>
    <property name="user.dir" value="/Users/jasonkempf/Documents/GitHub/adaptive-tests/packages/adaptive-tests-java/cli"/>
    <property name="os.arch" value="aarch64"/>
    <property name="java.vm.specification.name" value="Java Virtual Machine Specification"/>
    <property name="native.encoding" value="UTF-8"/>
    <property name="java.library.path" value="/Users/jasonkempf/Library/Java/Extensions:/Library/Java/Extensions:/Network/Library/Java/Extensions:/System/Library/Java/Extensions:/usr/lib/java:."/>
    <property name="java.vm.info" value="mixed mode, sharing"/>
    <property name="stderr.encoding" value="UTF-8"/>
    <property name="java.vendor" value="Eclipse Adoptium"/>
    <property name="java.vm.version" value="21.0.8+9-LTS"/>
    <property name="sun.io.unicode.encoding" value="UnicodeBig"/>
    <property name="socksNonProxyHosts" value="local|*.local|169.254/16|*.169.254/16"/>
    <property name="java.class.version" value="65.0"/>
  </properties>
  <testcase name="discoverCommandFailsWhenNotFound" classname="io.adaptivetests.java.cli.AdaptiveTestsCommandTest" time="0.162">
    <system-err><![CDATA[❌ No candidates matched signature Signature{name='Example', type=CLASS, methods=[], packageName='null', annotations=[], extendsClass='null'}
]]></system-err>
  </testcase>
  <testcase name="printsHelpByDefault" classname="io.adaptivetests.java.cli.AdaptiveTestsCommandTest" time="0.015">
    <failure message="expected: &lt;true&gt; but was: &lt;false&gt;" type="org.opentest4j.AssertionFailedError"><![CDATA[org.opentest4j.AssertionFailedError: expected: <true> but was: <false>
	at org.junit.jupiter.api.AssertionFailureBuilder.build(AssertionFailureBuilder.java:151)
	at org.junit.jupiter.api.AssertionFailureBuilder.buildAndThrow(AssertionFailureBuilder.java:132)
	at org.junit.jupiter.api.AssertTrue.failNotTrue(AssertTrue.java:63)
	at org.junit.jupiter.api.AssertTrue.assertTrue(AssertTrue.java:36)
	at org.junit.jupiter.api.AssertTrue.assertTrue(AssertTrue.java:31)
	at org.junit.jupiter.api.Assertions.assertTrue(Assertions.java:183)
	at io.adaptivetests.java.cli.AdaptiveTestsCommandTest.printsHelpByDefault(AdaptiveTestsCommandTest.java:28)
	at java.base/java.lang.reflect.Method.invoke(Method.java:580)
	at java.base/java.util.ArrayList.forEach(ArrayList.java:1596)
	at java.base/java.util.ArrayList.forEach(ArrayList.java:1596)
]]></failure>
    <system-out><![CDATA[Usage: adaptive-tests-java [-hV] [COMMAND]
Adaptive Tests discovery utilities for Java codebases
  -h, --help      Show this help message and exit.
  -V, --version   Print version information and exit.
Commands:
  discover  Resolve a signature and print metadata
  why       Explain scoring for top candidates
]]></system-out>
  </testcase>
</testsuite>